<?xml version="1.0" encoding="UTF-8"?>
<coverage generated="1775158322239" clover="3.2.0">
  <project timestamp="1775158322239" name="All files">
    <metrics statements="112" coveredstatements="98" conditionals="86" coveredconditionals="71" methods="36" coveredmethods="32" elements="234" coveredelements="201" complexity="0" loc="112" ncloc="112" packages="3" files="6" classes="6"/>
    <package name="data">
      <metrics statements="10" coveredstatements="10" conditionals="0" coveredconditionals="0" methods="4" coveredmethods="4"/>
      <file name="defaults.ts" path="/Users/shaneslo/Projects/smslo-ai/context-modeler/src/data/defaults.ts">
        <metrics statements="10" coveredstatements="10" conditionals="0" coveredconditionals="0" methods="4" coveredmethods="4"/>
        <line num="3" count="4" type="stmt"/>
        <line num="51" count="4" type="stmt"/>
        <line num="94" count="4" type="stmt"/>
        <line num="101" count="4" type="stmt"/>
        <line num="118" count="4" type="stmt"/>
        <line num="146" count="4" type="stmt"/>
        <line num="162" count="52" type="stmt"/>
        <line num="163" count="260" type="stmt"/>
        <line num="164" count="260" type="stmt"/>
        <line num="169" count="208" type="stmt"/>
      </file>
    </package>
    <package name="services">
      <metrics statements="80" coveredstatements="66" conditionals="60" coveredconditionals="46" methods="27" coveredmethods="23"/>
      <file name="friction.service.ts" path="/Users/shaneslo/Projects/smslo-ai/context-modeler/src/services/friction.service.ts">
        <metrics statements="8" coveredstatements="8" conditionals="1" coveredconditionals="1" methods="6" coveredmethods="6"/>
        <line num="9" count="51" type="stmt"/>
        <line num="25" count="4" type="stmt"/>
        <line num="27" count="4" type="stmt"/>
        <line num="28" count="20" type="stmt"/>
        <line num="29" count="100" type="stmt"/>
        <line num="39" count="4" type="stmt"/>
        <line num="48" count="2" type="stmt"/>
        <line num="49" count="50" type="stmt"/>
      </file>
      <file name="ontology.service.ts" path="/Users/shaneslo/Projects/smslo-ai/context-modeler/src/services/ontology.service.ts">
        <metrics statements="28" coveredstatements="26" conditionals="11" coveredconditionals="11" methods="17" coveredmethods="15"/>
        <line num="18" count="3" type="cond" truecount="3" falsecount="0"/>
        <line num="20" count="1" type="stmt"/>
        <line num="21" count="1" type="stmt"/>
        <line num="23" count="1" type="stmt"/>
        <line num="24" count="1" type="stmt"/>
        <line num="26" count="1" type="stmt"/>
        <line num="27" count="1" type="stmt"/>
        <line num="30" count="3" type="stmt"/>
        <line num="31" count="3" type="stmt"/>
        <line num="37" count="30" type="cond" truecount="2" falsecount="0"/>
        <line num="38" count="8" type="cond" truecount="2" falsecount="0"/>
        <line num="40" count="8" type="cond" truecount="2" falsecount="0"/>
        <line num="43" count="8" type="stmt"/>
        <line num="45" count="112" type="stmt"/>
        <line num="46" count="326" type="stmt"/>
        <line num="50" count="8" type="stmt"/>
        <line num="52" count="200" type="cond" truecount="2" falsecount="0"/>
        <line num="57" count="34" type="stmt"/>
        <line num="59" count="68" type="stmt"/>
        <line num="61" count="39" type="stmt"/>
        <line num="63" count="77" type="stmt"/>
        <line num="64" count="54" type="stmt"/>
        <line num="67" count="8" type="stmt"/>
        <line num="76" count="8" type="stmt"/>
        <line num="77" count="8" type="stmt"/>
        <line num="81" count="0" type="stmt"/>
        <line num="85" count="0" type="stmt"/>
        <line num="88" count="11" type="stmt"/>
      </file>
      <file name="storage.service.ts" path="/Users/shaneslo/Projects/smslo-ai/context-modeler/src/services/storage.service.ts">
        <metrics statements="44" coveredstatements="32" conditionals="48" coveredconditionals="34" methods="4" coveredmethods="2"/>
        <line num="5" count="1" type="stmt"/>
        <line num="6" count="1" type="stmt"/>
        <line num="7" count="1" type="stmt"/>
        <line num="10" count="14" type="cond" truecount="4" falsecount="0"/>
        <line num="11" count="12" type="stmt"/>
        <line num="13" count="12" type="cond" truecount="2" falsecount="0"/>
        <line num="14" count="10" type="cond" truecount="2" falsecount="0"/>
        <line num="15" count="9" type="cond" truecount="2" falsecount="0"/>
        <line num="17" count="8" type="cond" truecount="2" falsecount="0"/>
        <line num="18" count="7" type="cond" truecount="1" falsecount="1"/>
        <line num="19" count="7" type="cond" truecount="1" falsecount="1"/>
        <line num="21" count="7" type="stmt"/>
        <line num="26" count="7" type="stmt"/>
        <line num="27" count="49" type="cond" truecount="3" falsecount="1"/>
        <line num="28" count="49" type="stmt"/>
        <line num="29" count="49" type="stmt"/>
        <line num="30" count="97" type="cond" truecount="4" falsecount="0"/>
        <line num="31" count="95" type="cond" truecount="2" falsecount="0"/>
        <line num="34" count="4" type="stmt"/>
        <line num="37" count="1" type="stmt"/>
        <line num="38" count="1" type="stmt"/>
        <line num="41" count="0" type="cond" truecount="0" falsecount="2"/>
        <line num="42" count="0" type="stmt"/>
        <line num="43" count="0" type="stmt"/>
        <line num="44" count="0" type="cond" truecount="0" falsecount="2"/>
        <line num="45" count="0" type="stmt"/>
        <line num="46" count="0" type="stmt"/>
        <line num="47" count="0" type="stmt"/>
        <line num="49" count="0" type="cond" truecount="0" falsecount="4"/>
        <line num="50" count="0" type="stmt"/>
        <line num="55" count="1" type="cond" truecount="1" falsecount="1"/>
        <line num="56" count="1" type="stmt"/>
        <line num="59" count="1" type="stmt"/>
        <line num="61" count="6" type="stmt"/>
        <line num="62" count="6" type="stmt"/>
        <line num="63" count="6" type="cond" truecount="2" falsecount="0"/>
        <line num="64" count="5" type="stmt"/>
        <line num="65" count="5" type="cond" truecount="2" falsecount="0"/>
        <line num="66" count="3" type="stmt"/>
        <line num="67" count="3" type="stmt"/>
        <line num="74" count="1" type="stmt"/>
        <line num="79" count="0" type="stmt"/>
        <line num="80" count="0" type="cond" truecount="0" falsecount="2"/>
        <line num="81" count="0" type="stmt"/>
      </file>
    </package>
    <package name="utils">
      <metrics statements="22" coveredstatements="22" conditionals="26" coveredconditionals="25" methods="5" coveredmethods="5"/>
      <file name="heuristics.ts" path="/Users/shaneslo/Projects/smslo-ai/context-modeler/src/utils/heuristics.ts">
        <metrics statements="17" coveredstatements="17" conditionals="26" coveredconditionals="25" methods="3" coveredmethods="3"/>
        <line num="3" count="2" type="stmt"/>
        <line num="15" count="156" type="cond" truecount="4" falsecount="0"/>
        <line num="16" count="154" type="stmt"/>
        <line num="17" count="154" type="cond" truecount="2" falsecount="0"/>
        <line num="18" count="156" type="cond" truecount="3" falsecount="1"/>
        <line num="22" count="4" type="cond" truecount="2" falsecount="0"/>
        <line num="23" count="3" type="cond" truecount="2" falsecount="0"/>
        <line num="24" count="2" type="cond" truecount="2" falsecount="0"/>
        <line num="25" count="1" type="stmt"/>
        <line num="33" count="5" type="cond" truecount="4" falsecount="0"/>
        <line num="35" count="4" type="stmt"/>
        <line num="36" count="5" type="cond" truecount="2" falsecount="0"/>
        <line num="38" count="3" type="cond" truecount="2" falsecount="0"/>
        <line num="39" count="1" type="stmt"/>
        <line num="41" count="2" type="cond" truecount="2" falsecount="0"/>
        <line num="42" count="1" type="stmt"/>
        <line num="50" count="1" type="stmt"/>
      </file>
      <file name="sanitize.ts" path="/Users/shaneslo/Projects/smslo-ai/context-modeler/src/utils/sanitize.ts">
        <metrics statements="5" coveredstatements="5" conditionals="0" coveredconditionals="0" methods="2" coveredmethods="2"/>
        <line num="4" count="1" type="stmt"/>
        <line num="10" count="1" type="stmt"/>
        <line num="13" count="6" type="stmt"/>
        <line num="21" count="2" type="stmt"/>
        <line num="22" count="2" type="stmt"/>
      </file>
    </package>
  </project>
</coverage>
