{"/Users/shaneslo/Projects/smslo-ai/context-modeler/src/data/defaults.ts": {"path":"/Users/shaneslo/Projects/smslo-ai/context-modeler/src/data/defaults.ts","statementMap":{"0":{"start":{"line":3,"column":38},"end":{"line":49,"column":null}},"1":{"start":{"line":51,"column":34},"end":{"line":92,"column":null}},"2":{"start":{"line":94,"column":36},"end":{"line":99,"column":null}},"3":{"start":{"line":101,"column":40},"end":{"line":116,"column":null}},"4":{"start":{"line":118,"column":46},"end":{"line":144,"column":null}},"5":{"start":{"line":146,"column":38},"end":{"line":159,"column":null}},"6":{"start":{"line":162,"column":2},"end":{"line":173,"column":null}},"7":{"start":{"line":163,"column":45},"end":{"line":163,"column":92}},"8":{"start":{"line":164,"column":41},"end":{"line":168,"column":7}},"9":{"start":{"line":169,"column":43},"end":{"line":169,"column":51}}},"fnMap":{"0":{"name":"getDefaultData","decl":{"start":{"line":161,"column":16},"end":{"line":161,"column":47}},"loc":{"start":{"line":161,"column":47},"end":{"line":173,"column":null}},"line":161},"1":{"name":"(anonymous_1)","decl":{"start":{"line":163,"column":33},"end":{"line":163,"column":38}},"loc":{"start":{"line":163,"column":45},"end":{"line":163,"column":92}},"line":163},"2":{"name":"(anonymous_2)","decl":{"start":{"line":164,"column":29},"end":{"line":164,"column":34}},"loc":{"start":{"line":164,"column":41},"end":{"line":168,"column":7}},"line":164},"3":{"name":"(anonymous_3)","decl":{"start":{"line":169,"column":31},"end":{"line":169,"column":36}},"loc":{"start":{"line":169,"column":43},"end":{"line":169,"column":51}},"line":169}},"branchMap":{},"s":{"0":4,"1":4,"2":4,"3":4,"4":4,"5":4,"6":52,"7":260,"8":260,"9":208},"f":{"0":52,"1":260,"2":260,"3":208},"b":{},"meta":{"lastBranch":0,"lastFunction":4,"lastStatement":10,"seen":{"s:3:38:49:Infinity":0,"s:51:34:92:Infinity":1,"s:94:36:99:Infinity":2,"s:101:40:116:Infinity":3,"s:118:46:144:Infinity":4,"s:146:38:159:Infinity":5,"f:161:16:161:47":0,"s:162:2:173:Infinity":6,"f:163:33:163:38":1,"s:163:45:163:92":7,"f:164:29:164:34":2,"s:164:41:168:7":8,"f:169:31:169:36":3,"s:169:43:169:51":9}}}
,"/Users/shaneslo/Projects/smslo-ai/context-modeler/src/services/friction.service.ts": {"path":"/Users/shaneslo/Projects/smslo-ai/context-modeler/src/services/friction.service.ts","statementMap":{"0":{"start":{"line":9,"column":2},"end":{"line":9,"column":null}},"1":{"start":{"line":9,"column":33},"end":{"line":9,"column":100}},"2":{"start":{"line":9,"column":48},"end":{"line":9,"column":99}},"3":{"start":{"line":25,"column":41},"end":{"line":25,"column":43}},"4":{"start":{"line":27,"column":2},"end":{"line":35,"column":null}},"5":{"start":{"line":28,"column":4},"end":{"line":35,"column":null}},"6":{"start":{"line":29,"column":6},"end":{"line":35,"column":null}},"7":{"start":{"line":39,"column":2},"end":{"line":39,"column":null}},"8":{"start":{"line":48,"column":2},"end":{"line":50,"column":null}},"9":{"start":{"line":49,"column":14},"end":{"line":49,"column":null}}},"fnMap":{"0":{"name":"buildFrictionMatrix","decl":{"start":{"line":4,"column":16},"end":{"line":4,"column":null}},"loc":{"start":{"line":8,"column":14},"end":{"line":9,"column":null}},"line":8},"1":{"name":"(anonymous_1)","decl":{"start":{"line":9,"column":17},"end":{"line":9,"column":22}},"loc":{"start":{"line":9,"column":33},"end":{"line":9,"column":100}},"line":9},"2":{"name":"(anonymous_2)","decl":{"start":{"line":9,"column":43},"end":{"line":9,"column":48}},"loc":{"start":{"line":9,"column":48},"end":{"line":9,"column":99}},"line":9},"3":{"name":"getFrictionBreakdown","decl":{"start":{"line":20,"column":16},"end":{"line":20,"column":null}},"loc":{"start":{"line":24,"column":23},"end":{"line":39,"column":null}},"line":24},"4":{"name":"getHighFrictionPairs","decl":{"start":{"line":42,"column":16},"end":{"line":42,"column":null}},"loc":{"start":{"line":47,"column":23},"end":{"line":50,"column":null}},"line":47},"5":{"name":"(anonymous_5)","decl":{"start":{"line":48,"column":65},"end":{"line":48,"column":null}},"loc":{"start":{"line":49,"column":14},"end":{"line":49,"column":null}},"line":49}},"branchMap":{"0":{"loc":{"start":{"line":46,"column":2},"end":{"line":46,"column":null}},"type":"default-arg","locations":[{"start":{"line":46,"column":14},"end":{"line":46,"column":null}}],"line":46}},"s":{"0":3,"1":11,"2":51,"3":4,"4":4,"5":20,"6":100,"7":4,"8":2,"9":50},"f":{"0":3,"1":11,"2":51,"3":4,"4":2,"5":50},"b":{"0":[2]},"meta":{"lastBranch":1,"lastFunction":6,"lastStatement":10,"seen":{"f:4:16:4:Infinity":0,"s:9:2:9:Infinity":0,"f:9:17:9:22":1,"s:9:33:9:100":1,"f:9:43:9:48":2,"s:9:48:9:99":2,"f:20:16:20:Infinity":3,"s:25:41:25:43":3,"s:27:2:35:Infinity":4,"s:28:4:35:Infinity":5,"s:29:6:35:Infinity":6,"s:39:2:39:Infinity":7,"f:42:16:42:Infinity":4,"b:46:14:46:Infinity":0,"s:48:2:50:Infinity":8,"f:48:65:48:Infinity":5,"s:49:14:49:Infinity":9}}}
,"/Users/shaneslo/Projects/smslo-ai/context-modeler/src/services/ontology.service.ts": {"path":"/Users/shaneslo/Projects/smslo-ai/context-modeler/src/services/ontology.service.ts","statementMap":{"0":{"start":{"line":18,"column":4},"end":{"line":27,"column":null}},"1":{"start":{"line":20,"column":8},"end":{"line":20,"column":null}},"2":{"start":{"line":21,"column":8},"end":{"line":21,"column":null}},"3":{"start":{"line":23,"column":8},"end":{"line":23,"column":null}},"4":{"start":{"line":24,"column":8},"end":{"line":24,"column":null}},"5":{"start":{"line":26,"column":8},"end":{"line":26,"column":null}},"6":{"start":{"line":27,"column":8},"end":{"line":27,"column":null}},"7":{"start":{"line":30,"column":4},"end":{"line":30,"column":null}},"8":{"start":{"line":31,"column":4},"end":{"line":31,"column":null}},"9":{"start":{"line":37,"column":6},"end":{"line":37,"column":null}},"10":{"start":{"line":37,"column":61},"end":{"line":37,"column":73}},"11":{"start":{"line":38,"column":20},"end":{"line":38,"column":null}},"12":{"start":{"line":38,"column":71},"end":{"line":38,"column":83}},"13":{"start":{"line":40,"column":6},"end":{"line":40,"column":null}},"14":{"start":{"line":40,"column":59},"end":{"line":40,"column":71}},"15":{"start":{"line":43,"column":23},"end":{"line":46,"column":null}},"16":{"start":{"line":45,"column":27},"end":{"line":45,"column":38}},"17":{"start":{"line":46,"column":33},"end":{"line":46,"column":71}},"18":{"start":{"line":46,"column":61},"end":{"line":46,"column":70}},"19":{"start":{"line":50,"column":26},"end":{"line":53,"column":null}},"20":{"start":{"line":52,"column":19},"end":{"line":52,"column":73}},"21":{"start":{"line":57,"column":29},"end":{"line":60,"column":7}},"22":{"start":{"line":57,"column":51},"end":{"line":60,"column":7}},"23":{"start":{"line":59,"column":53},"end":{"line":59,"column":null}},"24":{"start":{"line":61,"column":27},"end":{"line":65,"column":7}},"25":{"start":{"line":61,"column":47},"end":{"line":65,"column":7}},"26":{"start":{"line":63,"column":57},"end":{"line":63,"column":68}},"27":{"start":{"line":64,"column":49},"end":{"line":64,"column":null}},"28":{"start":{"line":67,"column":34},"end":{"line":74,"column":null}},"29":{"start":{"line":76,"column":4},"end":{"line":76,"column":null}},"30":{"start":{"line":77,"column":4},"end":{"line":77,"column":null}},"31":{"start":{"line":81,"column":4},"end":{"line":81,"column":null}},"32":{"start":{"line":85,"column":4},"end":{"line":85,"column":null}},"33":{"start":{"line":88,"column":2},"end":{"line":88,"column":null}}},"fnMap":{"0":{"name":"createOntologyService","decl":{"start":{"line":10,"column":16},"end":{"line":10,"column":38}},"loc":{"start":{"line":10,"column":63},"end":{"line":88,"column":null}},"line":10},"1":{"name":"addNode","decl":{"start":{"line":11,"column":11},"end":{"line":11,"column":null}},"loc":{"start":{"line":15,"column":18},"end":{"line":31,"column":null}},"line":15},"2":{"name":"removeNode","decl":{"start":{"line":34,"column":11},"end":{"line":34,"column":22}},"loc":{"start":{"line":34,"column":88},"end":{"line":77,"column":null}},"line":34},"3":{"name":"(anonymous_3)","decl":{"start":{"line":37,"column":47},"end":{"line":37,"column":55}},"loc":{"start":{"line":37,"column":61},"end":{"line":37,"column":73}},"line":37},"4":{"name":"(anonymous_4)","decl":{"start":{"line":38,"column":57},"end":{"line":38,"column":65}},"loc":{"start":{"line":38,"column":71},"end":{"line":38,"column":83}},"line":38},"5":{"name":"(anonymous_5)","decl":{"start":{"line":40,"column":45},"end":{"line":40,"column":53}},"loc":{"start":{"line":40,"column":59},"end":{"line":40,"column":71}},"line":40},"6":{"name":"(anonymous_6)","decl":{"start":{"line":45,"column":9},"end":{"line":45,"column":17}},"loc":{"start":{"line":45,"column":27},"end":{"line":45,"column":38}},"line":45},"7":{"name":"(anonymous_7)","decl":{"start":{"line":46,"column":9},"end":{"line":46,"column":14}},"loc":{"start":{"line":46,"column":33},"end":{"line":46,"column":71}},"line":46},"8":{"name":"(anonymous_8)","decl":{"start":{"line":46,"column":47},"end":{"line":46,"column":55}},"loc":{"start":{"line":46,"column":61},"end":{"line":46,"column":70}},"line":46},"9":{"name":"(anonymous_9)","decl":{"start":{"line":51,"column":41},"end":{"line":51,"column":null}},"loc":{"start":{"line":52,"column":19},"end":{"line":52,"column":73}},"line":52},"10":{"name":"(anonymous_10)","decl":{"start":{"line":57,"column":39},"end":{"line":57,"column":44}},"loc":{"start":{"line":57,"column":51},"end":{"line":60,"column":7}},"line":57},"11":{"name":"(anonymous_11)","decl":{"start":{"line":59,"column":37},"end":{"line":59,"column":45}},"loc":{"start":{"line":59,"column":53},"end":{"line":59,"column":null}},"line":59},"12":{"name":"(anonymous_12)","decl":{"start":{"line":61,"column":35},"end":{"line":61,"column":40}},"loc":{"start":{"line":61,"column":47},"end":{"line":65,"column":7}},"line":61},"13":{"name":"(anonymous_13)","decl":{"start":{"line":63,"column":41},"end":{"line":63,"column":49}},"loc":{"start":{"line":63,"column":57},"end":{"line":63,"column":68}},"line":63},"14":{"name":"(anonymous_14)","decl":{"start":{"line":64,"column":33},"end":{"line":64,"column":41}},"loc":{"start":{"line":64,"column":49},"end":{"line":64,"column":null}},"line":64},"15":{"name":"loadData","decl":{"start":{"line":80,"column":11},"end":{"line":80,"column":36}},"loc":{"start":{"line":80,"column":36},"end":{"line":81,"column":null}},"line":80},"16":{"name":"saveData","decl":{"start":{"line":84,"column":11},"end":{"line":84,"column":20}},"loc":{"start":{"line":84,"column":46},"end":{"line":85,"column":null}},"line":84}},"branchMap":{"0":{"loc":{"start":{"line":18,"column":4},"end":{"line":27,"column":null}},"type":"switch","locations":[{"start":{"line":19,"column":6},"end":{"line":21,"column":null}},{"start":{"line":22,"column":6},"end":{"line":24,"column":null}},{"start":{"line":25,"column":6},"end":{"line":27,"column":null}}],"line":18},"1":{"loc":{"start":{"line":37,"column":6},"end":{"line":37,"column":null}},"type":"cond-expr","locations":[{"start":{"line":37,"column":32},"end":{"line":37,"column":73}},{"start":{"line":37,"column":76},"end":{"line":37,"column":null}}],"line":37},"2":{"loc":{"start":{"line":38,"column":20},"end":{"line":38,"column":null}},"type":"cond-expr","locations":[{"start":{"line":38,"column":44},"end":{"line":38,"column":83}},{"start":{"line":38,"column":86},"end":{"line":38,"column":null}}],"line":38},"3":{"loc":{"start":{"line":40,"column":6},"end":{"line":40,"column":null}},"type":"cond-expr","locations":[{"start":{"line":40,"column":31},"end":{"line":40,"column":71}},{"start":{"line":40,"column":74},"end":{"line":40,"column":null}}],"line":40},"4":{"loc":{"start":{"line":52,"column":19},"end":{"line":52,"column":73}},"type":"binary-expr","locations":[{"start":{"line":52,"column":19},"end":{"line":52,"column":45}},{"start":{"line":52,"column":49},"end":{"line":52,"column":73}}],"line":52}},"s":{"0":3,"1":1,"2":1,"3":1,"4":1,"5":1,"6":1,"7":3,"8":3,"9":8,"10":30,"11":8,"12":5,"13":8,"14":4,"15":8,"16":112,"17":104,"18":326,"19":8,"20":200,"21":8,"22":34,"23":68,"24":8,"25":39,"26":77,"27":54,"28":8,"29":8,"30":8,"31":0,"32":0,"33":11},"f":{"0":11,"1":3,"2":8,"3":30,"4":5,"5":4,"6":112,"7":104,"8":326,"9":200,"10":34,"11":68,"12":39,"13":77,"14":54,"15":0,"16":0},"b":{"0":[1,1,1],"1":[6,2],"2":[1,7],"3":[1,7],"4":[200,170]},"meta":{"lastBranch":5,"lastFunction":17,"lastStatement":34,"seen":{"f:10:16:10:38":0,"f:11:11:11:Infinity":1,"b:19:6:21:Infinity:22:6:24:Infinity:25:6:27:Infinity":0,"s:18:4:27:Infinity":0,"s:20:8:20:Infinity":1,"s:21:8:21:Infinity":2,"s:23:8:23:Infinity":3,"s:24:8:24:Infinity":4,"s:26:8:26:Infinity":5,"s:27:8:27:Infinity":6,"s:30:4:30:Infinity":7,"s:31:4:31:Infinity":8,"f:34:11:34:22":2,"s:37:6:37:Infinity":9,"b:37:32:37:73:37:76:37:Infinity":1,"f:37:47:37:55":3,"s:37:61:37:73":10,"s:38:20:38:Infinity":11,"b:38:44:38:83:38:86:38:Infinity":2,"f:38:57:38:65":4,"s:38:71:38:83":12,"s:40:6:40:Infinity":13,"b:40:31:40:71:40:74:40:Infinity":3,"f:40:45:40:53":5,"s:40:59:40:71":14,"s:43:23:46:Infinity":15,"f:45:9:45:17":6,"s:45:27:45:38":16,"f:46:9:46:14":7,"s:46:33:46:71":17,"f:46:47:46:55":8,"s:46:61:46:70":18,"s:50:26:53:Infinity":19,"f:51:41:51:Infinity":9,"s:52:19:52:73":20,"b:52:19:52:45:52:49:52:73":4,"s:57:29:60:7":21,"f:57:39:57:44":10,"s:57:51:60:7":22,"f:59:37:59:45":11,"s:59:53:59:Infinity":23,"s:61:27:65:7":24,"f:61:35:61:40":12,"s:61:47:65:7":25,"f:63:41:63:49":13,"s:63:57:63:68":26,"f:64:33:64:41":14,"s:64:49:64:Infinity":27,"s:67:34:74:Infinity":28,"s:76:4:76:Infinity":29,"s:77:4:77:Infinity":30,"f:80:11:80:36":15,"s:81:4:81:Infinity":31,"f:84:11:84:20":16,"s:85:4:85:Infinity":32,"s:88:2:88:Infinity":33}}}
,"/Users/shaneslo/Projects/smslo-ai/context-modeler/src/services/storage.service.ts": {"path":"/Users/shaneslo/Projects/smslo-ai/context-modeler/src/services/storage.service.ts","statementMap":{"0":{"start":{"line":5,"column":20},"end":{"line":5,"column":null}},"1":{"start":{"line":6,"column":25},"end":{"line":6,"column":null}},"2":{"start":{"line":7,"column":26},"end":{"line":7,"column":null}},"3":{"start":{"line":10,"column":2},"end":{"line":10,"column":null}},"4":{"start":{"line":10,"column":41},"end":{"line":10,"column":null}},"5":{"start":{"line":11,"column":12},"end":{"line":11,"column":null}},"6":{"start":{"line":13,"column":2},"end":{"line":13,"column":null}},"7":{"start":{"line":13,"column":35},"end":{"line":13,"column":null}},"8":{"start":{"line":14,"column":2},"end":{"line":14,"column":null}},"9":{"start":{"line":14,"column":33},"end":{"line":14,"column":null}},"10":{"start":{"line":15,"column":2},"end":{"line":15,"column":null}},"11":{"start":{"line":15,"column":34},"end":{"line":15,"column":null}},"12":{"start":{"line":17,"column":2},"end":{"line":17,"column":null}},"13":{"start":{"line":17,"column":45},"end":{"line":17,"column":null}},"14":{"start":{"line":18,"column":2},"end":{"line":18,"column":null}},"15":{"start":{"line":18,"column":43},"end":{"line":18,"column":null}},"16":{"start":{"line":19,"column":2},"end":{"line":19,"column":null}},"17":{"start":{"line":19,"column":44},"end":{"line":19,"column":null}},"18":{"start":{"line":21,"column":19},"end":{"line":25,"column":null}},"19":{"start":{"line":26,"column":2},"end":{"line":31,"column":null}},"20":{"start":{"line":27,"column":4},"end":{"line":27,"column":null}},"21":{"start":{"line":27,"column":43},"end":{"line":27,"column":null}},"22":{"start":{"line":28,"column":14},"end":{"line":28,"column":null}},"23":{"start":{"line":29,"column":4},"end":{"line":31,"column":null}},"24":{"start":{"line":30,"column":6},"end":{"line":30,"column":null}},"25":{"start":{"line":30,"column":53},"end":{"line":30,"column":null}},"26":{"start":{"line":31,"column":6},"end":{"line":31,"column":null}},"27":{"start":{"line":31,"column":59},"end":{"line":31,"column":null}},"28":{"start":{"line":34,"column":2},"end":{"line":34,"column":null}},"29":{"start":{"line":37,"column":54},"end":{"line":37,"column":null}},"30":{"start":{"line":38,"column":39},"end":{"line":38,"column":null}},"31":{"start":{"line":41,"column":2},"end":{"line":41,"column":null}},"32":{"start":{"line":41,"column":28},"end":{"line":41,"column":null}},"33":{"start":{"line":42,"column":15},"end":{"line":42,"column":null}},"34":{"start":{"line":43,"column":2},"end":{"line":43,"column":null}},"35":{"start":{"line":44,"column":2},"end":{"line":44,"column":null}},"36":{"start":{"line":44,"column":17},"end":{"line":44,"column":null}},"37":{"start":{"line":45,"column":2},"end":{"line":50,"column":null}},"38":{"start":{"line":46,"column":4},"end":{"line":46,"column":null}},"39":{"start":{"line":47,"column":4},"end":{"line":47,"column":null}},"40":{"start":{"line":49,"column":4},"end":{"line":50,"column":null}},"41":{"start":{"line":50,"column":6},"end":{"line":50,"column":null}},"42":{"start":{"line":55,"column":0},"end":{"line":56,"column":null}},"43":{"start":{"line":56,"column":2},"end":{"line":56,"column":null}},"44":{"start":{"line":59,"column":51},"end":{"line":83,"column":null}},"45":{"start":{"line":61,"column":4},"end":{"line":74,"column":null}},"46":{"start":{"line":62,"column":19},"end":{"line":62,"column":52}},"47":{"start":{"line":63,"column":6},"end":{"line":63,"column":null}},"48":{"start":{"line":63,"column":17},"end":{"line":63,"column":null}},"49":{"start":{"line":64,"column":30},"end":{"line":64,"column":46}},"50":{"start":{"line":65,"column":6},"end":{"line":65,"column":null}},"51":{"start":{"line":65,"column":41},"end":{"line":65,"column":null}},"52":{"start":{"line":66,"column":12},"end":{"line":66,"column":39}},"53":{"start":{"line":67,"column":6},"end":{"line":72,"column":null}},"54":{"start":{"line":74,"column":6},"end":{"line":74,"column":null}},"55":{"start":{"line":79,"column":4},"end":{"line":79,"column":null}},"56":{"start":{"line":80,"column":4},"end":{"line":80,"column":null}},"57":{"start":{"line":80,"column":19},"end":{"line":80,"column":null}},"58":{"start":{"line":81,"column":4},"end":{"line":81,"column":null}}},"fnMap":{"0":{"name":"validateOntologyData","decl":{"start":{"line":9,"column":16},"end":{"line":9,"column":37}},"loc":{"start":{"line":9,"column":74},"end":{"line":34,"column":null}},"line":9},"1":{"name":"flushSave","decl":{"start":{"line":40,"column":9},"end":{"line":40,"column":27}},"loc":{"start":{"line":40,"column":27},"end":{"line":50,"column":null}},"line":40},"2":{"name":"(anonymous_2)","decl":{"start":{"line":60,"column":2},"end":{"line":60,"column":23}},"loc":{"start":{"line":60,"column":23},"end":{"line":74,"column":null}},"line":60},"3":{"name":"(anonymous_3)","decl":{"start":{"line":78,"column":2},"end":{"line":78,"column":7}},"loc":{"start":{"line":78,"column":33},"end":{"line":81,"column":null}},"line":78}},"branchMap":{"0":{"loc":{"start":{"line":10,"column":2},"end":{"line":10,"column":null}},"type":"if","locations":[{"start":{"line":10,"column":2},"end":{"line":10,"column":null}},{"start":{},"end":{}}],"line":10},"1":{"loc":{"start":{"line":10,"column":6},"end":{"line":10,"column":41}},"type":"binary-expr","locations":[{"start":{"line":10,"column":6},"end":{"line":10,"column":15}},{"start":{"line":10,"column":15},"end":{"line":10,"column":41}}],"line":10},"2":{"loc":{"start":{"line":13,"column":2},"end":{"line":13,"column":null}},"type":"if","locations":[{"start":{"line":13,"column":2},"end":{"line":13,"column":null}},{"start":{},"end":{}}],"line":13},"3":{"loc":{"start":{"line":14,"column":2},"end":{"line":14,"column":null}},"type":"if","locations":[{"start":{"line":14,"column":2},"end":{"line":14,"column":null}},{"start":{},"end":{}}],"line":14},"4":{"loc":{"start":{"line":15,"column":2},"end":{"line":15,"column":null}},"type":"if","locations":[{"start":{"line":15,"column":2},"end":{"line":15,"column":null}},{"start":{},"end":{}}],"line":15},"5":{"loc":{"start":{"line":17,"column":2},"end":{"line":17,"column":null}},"type":"if","locations":[{"start":{"line":17,"column":2},"end":{"line":17,"column":null}},{"start":{},"end":{}}],"line":17},"6":{"loc":{"start":{"line":18,"column":2},"end":{"line":18,"column":null}},"type":"if","locations":[{"start":{"line":18,"column":2},"end":{"line":18,"column":null}},{"start":{},"end":{}}],"line":18},"7":{"loc":{"start":{"line":19,"column":2},"end":{"line":19,"column":null}},"type":"if","locations":[{"start":{"line":19,"column":2},"end":{"line":19,"column":null}},{"start":{},"end":{}}],"line":19},"8":{"loc":{"start":{"line":27,"column":4},"end":{"line":27,"column":null}},"type":"if","locations":[{"start":{"line":27,"column":4},"end":{"line":27,"column":null}},{"start":{},"end":{}}],"line":27},"9":{"loc":{"start":{"line":27,"column":8},"end":{"line":27,"column":43}},"type":"binary-expr","locations":[{"start":{"line":27,"column":8},"end":{"line":27,"column":17}},{"start":{"line":27,"column":17},"end":{"line":27,"column":43}}],"line":27},"10":{"loc":{"start":{"line":30,"column":6},"end":{"line":30,"column":null}},"type":"if","locations":[{"start":{"line":30,"column":6},"end":{"line":30,"column":null}},{"start":{},"end":{}}],"line":30},"11":{"loc":{"start":{"line":30,"column":10},"end":{"line":30,"column":53}},"type":"binary-expr","locations":[{"start":{"line":30,"column":10},"end":{"line":30,"column":23}},{"start":{"line":30,"column":23},"end":{"line":30,"column":53}}],"line":30},"12":{"loc":{"start":{"line":31,"column":6},"end":{"line":31,"column":null}},"type":"if","locations":[{"start":{"line":31,"column":6},"end":{"line":31,"column":null}},{"start":{},"end":{}}],"line":31},"13":{"loc":{"start":{"line":41,"column":2},"end":{"line":41,"column":null}},"type":"if","locations":[{"start":{"line":41,"column":2},"end":{"line":41,"column":null}},{"start":{},"end":{}}],"line":41},"14":{"loc":{"start":{"line":44,"column":2},"end":{"line":44,"column":null}},"type":"if","locations":[{"start":{"line":44,"column":2},"end":{"line":44,"column":null}},{"start":{},"end":{}}],"line":44},"15":{"loc":{"start":{"line":49,"column":4},"end":{"line":50,"column":null}},"type":"if","locations":[{"start":{"line":49,"column":4},"end":{"line":50,"column":null}},{"start":{},"end":{}}],"line":49},"16":{"loc":{"start":{"line":49,"column":8},"end":{"line":49,"column":74}},"type":"binary-expr","locations":[{"start":{"line":49,"column":8},"end":{"line":49,"column":39}},{"start":{"line":49,"column":39},"end":{"line":49,"column":74}}],"line":49},"17":{"loc":{"start":{"line":55,"column":0},"end":{"line":56,"column":null}},"type":"if","locations":[{"start":{"line":55,"column":0},"end":{"line":56,"column":null}},{"start":{},"end":{}}],"line":55},"18":{"loc":{"start":{"line":63,"column":6},"end":{"line":63,"column":null}},"type":"if","locations":[{"start":{"line":63,"column":6},"end":{"line":63,"column":null}},{"start":{},"end":{}}],"line":63},"19":{"loc":{"start":{"line":65,"column":6},"end":{"line":65,"column":null}},"type":"if","locations":[{"start":{"line":65,"column":6},"end":{"line":65,"column":null}},{"start":{},"end":{}}],"line":65},"20":{"loc":{"start":{"line":69,"column":20},"end":{"line":69,"column":null}},"type":"binary-expr","locations":[{"start":{"line":69,"column":20},"end":{"line":69,"column":41}},{"start":{"line":69,"column":41},"end":{"line":69,"column":null}}],"line":69},"21":{"loc":{"start":{"line":70,"column":23},"end":{"line":70,"column":null}},"type":"binary-expr","locations":[{"start":{"line":70,"column":23},"end":{"line":70,"column":47}},{"start":{"line":70,"column":47},"end":{"line":70,"column":null}}],"line":70},"22":{"loc":{"start":{"line":71,"column":19},"end":{"line":71,"column":null}},"type":"binary-expr","locations":[{"start":{"line":71,"column":19},"end":{"line":71,"column":39}},{"start":{"line":71,"column":39},"end":{"line":71,"column":null}}],"line":71},"23":{"loc":{"start":{"line":80,"column":4},"end":{"line":80,"column":null}},"type":"if","locations":[{"start":{"line":80,"column":4},"end":{"line":80,"column":null}},{"start":{},"end":{}}],"line":80}},"s":{"0":1,"1":1,"2":1,"3":14,"4":2,"5":12,"6":12,"7":2,"8":10,"9":1,"10":9,"11":1,"12":8,"13":1,"14":7,"15":0,"16":7,"17":0,"18":7,"19":7,"20":49,"21":0,"22":49,"23":49,"24":97,"25":2,"26":95,"27":1,"28":4,"29":1,"30":1,"31":0,"32":0,"33":0,"34":0,"35":0,"36":0,"37":0,"38":0,"39":0,"40":0,"41":0,"42":1,"43":1,"44":1,"45":6,"46":6,"47":6,"48":1,"49":5,"50":5,"51":1,"52":3,"53":3,"54":1,"55":0,"56":0,"57":0,"58":0},"f":{"0":14,"1":0,"2":6,"3":0},"b":{"0":[2,12],"1":[14,13],"2":[2,10],"3":[1,9],"4":[1,8],"5":[1,7],"6":[0,7],"7":[0,7],"8":[0,49],"9":[49,49],"10":[2,95],"11":[97,95],"12":[1,94],"13":[0,0],"14":[0,0],"15":[0,0],"16":[0,0],"17":[1,0],"18":[1,5],"19":[1,4],"20":[3,1],"21":[6,1],"22":[6,1],"23":[0,0]},"meta":{"lastBranch":24,"lastFunction":4,"lastStatement":59,"seen":{"s:5:20:5:Infinity":0,"s:6:25:6:Infinity":1,"s:7:26:7:Infinity":2,"f:9:16:9:37":0,"b:10:2:10:Infinity:undefined:undefined:undefined:undefined":0,"s:10:2:10:Infinity":3,"b:10:6:10:15:10:15:10:41":1,"s:10:41:10:Infinity":4,"s:11:12:11:Infinity":5,"b:13:2:13:Infinity:undefined:undefined:undefined:undefined":2,"s:13:2:13:Infinity":6,"s:13:35:13:Infinity":7,"b:14:2:14:Infinity:undefined:undefined:undefined:undefined":3,"s:14:2:14:Infinity":8,"s:14:33:14:Infinity":9,"b:15:2:15:Infinity:undefined:undefined:undefined:undefined":4,"s:15:2:15:Infinity":10,"s:15:34:15:Infinity":11,"b:17:2:17:Infinity:undefined:undefined:undefined:undefined":5,"s:17:2:17:Infinity":12,"s:17:45:17:Infinity":13,"b:18:2:18:Infinity:undefined:undefined:undefined:undefined":6,"s:18:2:18:Infinity":14,"s:18:43:18:Infinity":15,"b:19:2:19:Infinity:undefined:undefined:undefined:undefined":7,"s:19:2:19:Infinity":16,"s:19:44:19:Infinity":17,"s:21:19:25:Infinity":18,"s:26:2:31:Infinity":19,"b:27:4:27:Infinity:undefined:undefined:undefined:undefined":8,"s:27:4:27:Infinity":20,"b:27:8:27:17:27:17:27:43":9,"s:27:43:27:Infinity":21,"s:28:14:28:Infinity":22,"s:29:4:31:Infinity":23,"b:30:6:30:Infinity:undefined:undefined:undefined:undefined":10,"s:30:6:30:Infinity":24,"b:30:10:30:23:30:23:30:53":11,"s:30:53:30:Infinity":25,"b:31:6:31:Infinity:undefined:undefined:undefined:undefined":12,"s:31:6:31:Infinity":26,"s:31:59:31:Infinity":27,"s:34:2:34:Infinity":28,"s:37:54:37:Infinity":29,"s:38:39:38:Infinity":30,"f:40:9:40:27":1,"b:41:2:41:Infinity:undefined:undefined:undefined:undefined":13,"s:41:2:41:Infinity":31,"s:41:28:41:Infinity":32,"s:42:15:42:Infinity":33,"s:43:2:43:Infinity":34,"b:44:2:44:Infinity:undefined:undefined:undefined:undefined":14,"s:44:2:44:Infinity":35,"s:44:17:44:Infinity":36,"s:45:2:50:Infinity":37,"s:46:4:46:Infinity":38,"s:47:4:47:Infinity":39,"b:49:4:50:Infinity:undefined:undefined:undefined:undefined":15,"s:49:4:50:Infinity":40,"b:49:8:49:39:49:39:49:74":16,"s:50:6:50:Infinity":41,"b:55:0:56:Infinity:undefined:undefined:undefined:undefined":17,"s:55:0:56:Infinity":42,"s:56:2:56:Infinity":43,"s:59:51:83:Infinity":44,"f:60:2:60:23":2,"s:61:4:74:Infinity":45,"s:62:19:62:52":46,"b:63:6:63:Infinity:undefined:undefined:undefined:undefined":18,"s:63:6:63:Infinity":47,"s:63:17:63:Infinity":48,"s:64:30:64:46":49,"b:65:6:65:Infinity:undefined:undefined:undefined:undefined":19,"s:65:6:65:Infinity":50,"s:65:41:65:Infinity":51,"s:66:12:66:39":52,"s:67:6:72:Infinity":53,"b:69:20:69:41:69:41:69:Infinity":20,"b:70:23:70:47:70:47:70:Infinity":21,"b:71:19:71:39:71:39:71:Infinity":22,"s:74:6:74:Infinity":54,"f:78:2:78:7":3,"s:79:4:79:Infinity":55,"b:80:4:80:Infinity:undefined:undefined:undefined:undefined":23,"s:80:4:80:Infinity":56,"s:80:19:80:Infinity":57,"s:81:4:81:Infinity":58}}}
,"/Users/shaneslo/Projects/smslo-ai/context-modeler/src/utils/heuristics.ts": {"path":"/Users/shaneslo/Projects/smslo-ai/context-modeler/src/utils/heuristics.ts","statementMap":{"0":{"start":{"line":3,"column":43},"end":{"line":8,"column":null}},"1":{"start":{"line":15,"column":2},"end":{"line":15,"column":null}},"2":{"start":{"line":15,"column":36},"end":{"line":15,"column":null}},"3":{"start":{"line":16,"column":14},"end":{"line":16,"column":null}},"4":{"start":{"line":17,"column":16},"end":{"line":17,"column":35}},"5":{"start":{"line":18,"column":2},"end":{"line":18,"column":null}},"6":{"start":{"line":22,"column":2},"end":{"line":22,"column":null}},"7":{"start":{"line":22,"column":21},"end":{"line":22,"column":null}},"8":{"start":{"line":23,"column":2},"end":{"line":23,"column":null}},"9":{"start":{"line":23,"column":21},"end":{"line":23,"column":null}},"10":{"start":{"line":24,"column":2},"end":{"line":24,"column":null}},"11":{"start":{"line":24,"column":21},"end":{"line":24,"column":null}},"12":{"start":{"line":25,"column":2},"end":{"line":25,"column":null}},"13":{"start":{"line":33,"column":2},"end":{"line":33,"column":null}},"14":{"start":{"line":33,"column":26},"end":{"line":33,"column":null}},"15":{"start":{"line":35,"column":15},"end":{"line":35,"column":null}},"16":{"start":{"line":36,"column":2},"end":{"line":36,"column":null}},"17":{"start":{"line":36,"column":13},"end":{"line":36,"column":null}},"18":{"start":{"line":38,"column":2},"end":{"line":39,"column":null}},"19":{"start":{"line":39,"column":4},"end":{"line":39,"column":null}},"20":{"start":{"line":41,"column":2},"end":{"line":47,"column":null}},"21":{"start":{"line":42,"column":4},"end":{"line":47,"column":null}},"22":{"start":{"line":50,"column":2},"end":{"line":50,"column":null}}},"fnMap":{"0":{"name":"calculateFriction","decl":{"start":{"line":10,"column":16},"end":{"line":10,"column":null}},"loc":{"start":{"line":14,"column":10},"end":{"line":18,"column":null}},"line":14},"1":{"name":"getFrictionColor","decl":{"start":{"line":21,"column":16},"end":{"line":21,"column":33}},"loc":{"start":{"line":21,"column":56},"end":{"line":25,"column":null}},"line":21},"2":{"name":"getSimulationVisuals","decl":{"start":{"line":28,"column":16},"end":{"line":28,"column":null}},"loc":{"start":{"line":32,"column":21},"end":{"line":50,"column":null}},"line":32}},"branchMap":{"0":{"loc":{"start":{"line":15,"column":2},"end":{"line":15,"column":null}},"type":"if","locations":[{"start":{"line":15,"column":2},"end":{"line":15,"column":null}},{"start":{},"end":{}}],"line":15},"1":{"loc":{"start":{"line":15,"column":6},"end":{"line":15,"column":36}},"type":"binary-expr","locations":[{"start":{"line":15,"column":6},"end":{"line":15,"column":23}},{"start":{"line":15,"column":23},"end":{"line":15,"column":36}}],"line":15},"2":{"loc":{"start":{"line":17,"column":16},"end":{"line":17,"column":35}},"type":"binary-expr","locations":[{"start":{"line":17,"column":16},"end":{"line":17,"column":33}},{"start":{"line":17,"column":33},"end":{"line":17,"column":35}}],"line":17},"3":{"loc":{"start":{"line":18,"column":9},"end":{"line":18,"column":null}},"type":"cond-expr","locations":[{"start":{"line":18,"column":25},"end":{"line":18,"column":46}},{"start":{"line":18,"column":46},"end":{"line":18,"column":null}}],"line":18},"4":{"loc":{"start":{"line":18,"column":25},"end":{"line":18,"column":46}},"type":"binary-expr","locations":[{"start":{"line":18,"column":25},"end":{"line":18,"column":39}},{"start":{"line":18,"column":39},"end":{"line":18,"column":46}}],"line":18},"5":{"loc":{"start":{"line":22,"column":2},"end":{"line":22,"column":null}},"type":"if","locations":[{"start":{"line":22,"column":2},"end":{"line":22,"column":null}},{"start":{},"end":{}}],"line":22},"6":{"loc":{"start":{"line":23,"column":2},"end":{"line":23,"column":null}},"type":"if","locations":[{"start":{"line":23,"column":2},"end":{"line":23,"column":null}},{"start":{},"end":{}}],"line":23},"7":{"loc":{"start":{"line":24,"column":2},"end":{"line":24,"column":null}},"type":"if","locations":[{"start":{"line":24,"column":2},"end":{"line":24,"column":null}},{"start":{},"end":{}}],"line":24},"8":{"loc":{"start":{"line":33,"column":2},"end":{"line":33,"column":null}},"type":"if","locations":[{"start":{"line":33,"column":2},"end":{"line":33,"column":null}},{"start":{},"end":{}}],"line":33},"9":{"loc":{"start":{"line":33,"column":6},"end":{"line":33,"column":26}},"type":"binary-expr","locations":[{"start":{"line":33,"column":6},"end":{"line":33,"column":15}},{"start":{"line":33,"column":15},"end":{"line":33,"column":26}}],"line":33},"10":{"loc":{"start":{"line":36,"column":2},"end":{"line":36,"column":null}},"type":"if","locations":[{"start":{"line":36,"column":2},"end":{"line":36,"column":null}},{"start":{},"end":{}}],"line":36},"11":{"loc":{"start":{"line":38,"column":2},"end":{"line":39,"column":null}},"type":"if","locations":[{"start":{"line":38,"column":2},"end":{"line":39,"column":null}},{"start":{},"end":{}}],"line":38},"12":{"loc":{"start":{"line":41,"column":2},"end":{"line":47,"column":null}},"type":"if","locations":[{"start":{"line":41,"column":2},"end":{"line":47,"column":null}},{"start":{},"end":{}}],"line":41}},"s":{"0":2,"1":156,"2":2,"3":154,"4":154,"5":156,"6":4,"7":1,"8":3,"9":3,"10":2,"11":2,"12":1,"13":5,"14":1,"15":4,"16":5,"17":1,"18":3,"19":1,"20":2,"21":1,"22":1},"f":{"0":156,"1":4,"2":5},"b":{"0":[2,154],"1":[156,155],"2":[154,1],"3":[151,3],"4":[151,0],"5":[1,3],"6":[1,2],"7":[1,1],"8":[1,4],"9":[5,4],"10":[1,4],"11":[1,2],"12":[1,1]},"meta":{"lastBranch":13,"lastFunction":3,"lastStatement":23,"seen":{"s:3:43:8:Infinity":0,"f:10:16:10:Infinity":0,"b:15:2:15:Infinity:undefined:undefined:undefined:undefined":0,"s:15:2:15:Infinity":1,"b:15:6:15:23:15:23:15:36":1,"s:15:36:15:Infinity":2,"s:16:14:16:Infinity":3,"s:17:16:17:35":4,"b:17:16:17:33:17:33:17:35":2,"s:18:2:18:Infinity":5,"b:18:25:18:46:18:46:18:Infinity":3,"b:18:25:18:39:18:39:18:46":4,"f:21:16:21:33":1,"b:22:2:22:Infinity:undefined:undefined:undefined:undefined":5,"s:22:2:22:Infinity":6,"s:22:21:22:Infinity":7,"b:23:2:23:Infinity:undefined:undefined:undefined:undefined":6,"s:23:2:23:Infinity":8,"s:23:21:23:Infinity":9,"b:24:2:24:Infinity:undefined:undefined:undefined:undefined":7,"s:24:2:24:Infinity":10,"s:24:21:24:Infinity":11,"s:25:2:25:Infinity":12,"f:28:16:28:Infinity":2,"b:33:2:33:Infinity:undefined:undefined:undefined:undefined":8,"s:33:2:33:Infinity":13,"b:33:6:33:15:33:15:33:26":9,"s:33:26:33:Infinity":14,"s:35:15:35:Infinity":15,"b:36:2:36:Infinity:undefined:undefined:undefined:undefined":10,"s:36:2:36:Infinity":16,"s:36:13:36:Infinity":17,"b:38:2:39:Infinity:undefined:undefined:undefined:undefined":11,"s:38:2:39:Infinity":18,"s:39:4:39:Infinity":19,"b:41:2:47:Infinity:undefined:undefined:undefined:undefined":12,"s:41:2:47:Infinity":20,"s:42:4:47:Infinity":21,"s:50:2:50:Infinity":22}}}
,"/Users/shaneslo/Projects/smslo-ai/context-modeler/src/utils/sanitize.ts": {"path":"/Users/shaneslo/Projects/smslo-ai/context-modeler/src/utils/sanitize.ts","statementMap":{"0":{"start":{"line":4,"column":21},"end":{"line":9,"column":null}},"1":{"start":{"line":10,"column":21},"end":{"line":10,"column":38}},"2":{"start":{"line":13,"column":2},"end":{"line":17,"column":null}},"3":{"start":{"line":21,"column":18},"end":{"line":21,"column":46}},"4":{"start":{"line":22,"column":2},"end":{"line":22,"column":null}}},"fnMap":{"0":{"name":"sanitizeHTML","decl":{"start":{"line":12,"column":16},"end":{"line":12,"column":29}},"loc":{"start":{"line":12,"column":52},"end":{"line":17,"column":null}},"line":12},"1":{"name":"renderMarkdown","decl":{"start":{"line":20,"column":16},"end":{"line":20,"column":31}},"loc":{"start":{"line":20,"column":63},"end":{"line":22,"column":null}},"line":20}},"branchMap":{},"s":{"0":1,"1":1,"2":6,"3":2,"4":2},"f":{"0":6,"1":2},"b":{},"meta":{"lastBranch":0,"lastFunction":2,"lastStatement":5,"seen":{"s:4:21:9:Infinity":0,"s:10:21:10:38":1,"f:12:16:12:29":0,"s:13:2:17:Infinity":2,"f:20:16:20:31":1,"s:21:18:21:46":3,"s:22:2:22:Infinity":4}}}
}
